2024-07-08 09:20:10 - Starting StoreApplication using Java 21.0.2 with PID 20561 (/Users/dwididitprasetiyo/Library/Mobile Documents/com~apple~CloudDocs/My Projects/CourseNet/store/target/classes started by dwididitprasetiyo in /Users/dwididitprasetiyo/Library/Mobile Documents/com~apple~CloudDocs/My Projects/CourseNet/store)
2024-07-08 09:20:10 - No active profile set, falling back to 1 default profile: "default"
2024-07-08 09:20:11 - Bootstrapping Spring Data JPA repositories in DEFAULT mode.
2024-07-08 09:20:11 - Finished Spring Data repository scanning in 28 ms. Found 2 JPA repository interfaces.
2024-07-08 09:20:11 - Tomcat initialized with port 8080 (http)
2024-07-08 09:20:11 - Starting service [Tomcat]
2024-07-08 09:20:11 - Starting Servlet engine: [Apache Tomcat/10.1.17]
2024-07-08 09:20:11 - Initializing Spring embedded WebApplicationContext
2024-07-08 09:20:11 - Root WebApplicationContext: initialization completed in 874 ms
2024-07-08 09:20:11 - HHH000204: Processing PersistenceUnitInfo [name: default]
2024-07-08 09:20:11 - HHH000412: Hibernate ORM core version 6.4.1.Final
2024-07-08 09:20:11 - HHH000026: Second-level cache disabled
2024-07-08 09:20:11 - No LoadTimeWeaver setup: ignoring JPA class transformer
2024-07-08 09:20:11 - HikariPool-1 - Starting...
2024-07-08 09:20:11 - HikariPool-1 - Added connection org.postgresql.jdbc.PgConnection@3dc2f14
2024-07-08 09:20:11 - HikariPool-1 - Start completed.
2024-07-08 09:20:11 - HHH90000025: PostgreSQLDialect does not need to be specified explicitly using 'hibernate.dialect' (remove the property setting and it will be selected by default)
2024-07-08 09:20:12 - HHH000489: No JTA platform available (set 'hibernate.transaction.jta.platform' to enable JTA platform integration)
2024-07-08 09:20:12 - Initialized JPA EntityManagerFactory for persistence unit 'default'
2024-07-08 09:20:12 - spring.jpa.open-in-view is enabled by default. Therefore, database queries may be performed during view rendering. Explicitly configure spring.jpa.open-in-view to disable this warning
2024-07-08 09:20:13 - Exposing 1 endpoint(s) beneath base path '/actuator'
2024-07-08 09:20:13 - Exception encountered during context initialization - cancelling refresh attempt: org.springframework.context.ApplicationContextException: Failed to start bean 'webServerStartStop'
2024-07-08 09:20:13 - Closing JPA EntityManagerFactory for persistence unit 'default'
2024-07-08 09:20:13 - HikariPool-1 - Shutdown initiated...
2024-07-08 09:20:13 - HikariPool-1 - Shutdown completed.
2024-07-08 09:20:13 - 

Error starting ApplicationContext. To display the condition evaluation report re-run your application with 'debug' enabled.
2024-07-08 09:20:13 - 

***************************
APPLICATION FAILED TO START
***************************

Description:

Web server failed to start. Port 8080 was already in use.

Action:

Identify and stop the process that's listening on port 8080 or configure this application to listen on another port.

